  [4;36;1mSQL (0.3ms)[0m   [0;1m SELECT name
 FROM sqlite_master
 WHERE type = 'table' AND NOT name = 'sqlite_sequence'
[0m
  [4;35;1mSQL (10.6ms)[0m   [0mselect sqlite_version(*)[0m
  [4;36;1mSQL (2.8ms)[0m   [0;1mCREATE TABLE "schema_migrations" ("version" varchar(255) NOT NULL) [0m
  [4;35;1mSQL (3.2ms)[0m   [0mCREATE UNIQUE INDEX "unique_schema_migrations" ON "schema_migrations" ("version")[0m
  [4;36;1mSQL (0.3ms)[0m   [0;1m SELECT name
 FROM sqlite_master
 WHERE type = 'table' AND NOT name = 'sqlite_sequence'
[0m
  [4;35;1mSQL (0.1ms)[0m   [0mSELECT version FROM schema_migrations[0m
Migrating to CreateUsers (20090425210919)
  [4;36;1mSQL (0.5ms)[0m   [0;1mCREATE TABLE "users" ("uuid" varchar(255) NOT NULL, "login" varchar(255) NOT NULL, "email" varchar(255) NOT NULL, "crypted_password" varchar(255) NOT NULL, "password_salt" varchar(255) NOT NULL, "persistence_token" varchar(255) NOT NULL, "single_access_token" varchar(255) NOT NULL, "perishable_token" varchar(255) NOT NULL, "login_count" integer DEFAULT 0 NOT NULL, "failed_login_count" integer DEFAULT 0 NOT NULL, "last_request_at" datetime, "current_login_at" datetime, "last_login_at" datetime, "current_login_ip" varchar(255), "last_login_ip" varchar(255), "created_at" datetime, "updated_at" datetime) [0m
  [4;35;1mSQL (0.1ms)[0m   [0mINSERT INTO schema_migrations (version) VALUES ('20090425210919')[0m
  [4;36;1mSQL (0.3ms)[0m   [0;1m SELECT name
 FROM sqlite_master
 WHERE type = 'table' AND NOT name = 'sqlite_sequence'
[0m
  [4;35;1mSQL (0.2ms)[0m   [0mSELECT version FROM schema_migrations[0m
  [4;36;1mSQL (0.2ms)[0m   [0;1m SELECT name
 FROM sqlite_master
 WHERE type = 'table' AND NOT name = 'sqlite_sequence'
[0m
  [4;35;1mSQL (0.1ms)[0m   [0mPRAGMA index_list("users")[0m


Processing UserSessionsController#new (for 127.0.0.1 at 2009-04-25 17:26:38) [GET]
  Parameters: {"action"=>"new", "controller"=>"user_sessions"}

NoMethodError (undefined method `require_no_user' for #<UserSessionsController:0x21c9dd0>):
  haml (2.0.9) lib/sass/plugin/rails.rb:19:in `process'

Rendered rescues/_trace (27.4ms)
Rendered rescues/_request_and_response (1.1ms)
Rendering rescues/layout (internal_server_error)


Processing UsersController#index (for 127.0.0.1 at 2009-04-25 17:28:34) [GET]
  Parameters: {"action"=>"index", "controller"=>"users"}

ActionController::UnknownAction (No action responded to index. Actions: create, edit, new, show, and update):
  haml (2.0.9) lib/sass/plugin/rails.rb:19:in `process'

Rendering rescues/layout (not_found)


Processing UsersController#new (for 127.0.0.1 at 2009-04-25 17:28:49) [GET]
  Parameters: {"action"=>"new", "controller"=>"users"}

ActiveRecord::StatementInvalid (Could not find table 'square_foot_planners'):
  authlogic (2.0.11) lib/authlogic/acts_as_authentic/base.rb:80:in `first_column_to_exist'
  authlogic (2.0.11) lib/authlogic/acts_as_authentic/base.rb:80:in `each'
  authlogic (2.0.11) lib/authlogic/acts_as_authentic/base.rb:80:in `first_column_to_exist'
  authlogic (2.0.11) lib/authlogic/acts_as_authentic/login.rb:19:in `login_field'
  authlogic (2.0.11) lib/authlogic/session/password.rb:50:in `login_field'
  authlogic (2.0.11) lib/authlogic/session/password.rb:151:in `login_field'
  authlogic (2.0.11) lib/authlogic/session/password.rb:77:in `initialize'
  authlogic (2.0.11) lib/authlogic/session/activation.rb:48:in `initialize'
  authlogic (2.0.11) lib/authlogic/session/klass.rb:61:in `initialize'
  authlogic (2.0.11) lib/authlogic/session/scopes.rb:79:in `initialize'
  authlogic (2.0.11) lib/authlogic/session/persistence.rb:37:in `new'
  authlogic (2.0.11) lib/authlogic/session/persistence.rb:37:in `find'
  app/controllers/application_controller.rb:9:in `current_user_session'
  app/controllers/application_controller.rb:14:in `current_user'
  app/controllers/application_controller.rb:27:in `require_no_user'
  haml (2.0.9) lib/sass/plugin/rails.rb:19:in `process'

Rendered rescues/_trace (84.3ms)
Rendered rescues/_request_and_response (0.2ms)
Rendering rescues/layout (internal_server_error)


Processing UsersController#new (for 127.0.0.1 at 2009-04-25 17:30:52) [GET]
  Parameters: {"action"=>"new", "controller"=>"users"}
Rendering users/new

ActionView::TemplateError (undefined local variable or method `account_path' for #<ActionView::Base:0x24ccc30>) on line #3 of app/views/users/new.html.erb:
1: <h1>Register</h1>
2:  
3: <% form_for @user, :url => account_path do |f| %>
4:   <%= f.error_messages %>
5:   <%= render :partial => "form", :object => f %>
6:   <%= f.submit "Register" %>

    app/views/users/new.html.erb:3
    haml (2.0.9) lib/haml/helpers/action_view_mods.rb:14:in `render'
    haml (2.0.9) lib/sass/plugin/rails.rb:19:in `process'

Rendered rescues/_trace (80.2ms)
Rendered rescues/_request_and_response (0.2ms)
Rendering rescues/layout (internal_server_error)


Processing UserSessionsController#new (for 127.0.0.1 at 2009-04-25 17:36:05) [GET]
  Parameters: {"action"=>"new", "controller"=>"user_sessions"}
Rendering user_sessions/new
ERROR: compiling _run_haml_app47views47user_sessions47new46html46haml RAISED compile error
/Users/hmasing/dev/sandbox/squarefootplanner/app/views/user_sessions/new.html.haml:15: syntax error, unexpected tIDENTIFIER, expecting kEND
haml_temp = _hamlout.push_script(haml_temp, false, false, false, false, false);
                    ^
Function body:           def _run_haml_app47views47user_sessions47new46html46haml(local_assigns)
            old_output_buffer = output_buffer;;extend Haml::Helpers;_hamlout = @haml_buffer = Haml::Buffer.new(@haml_buffer, {:format=>:xhtml, :attr_wrapper=>"'", :autoclose=>["meta", "img", "link", "br", "hr", "input", "area", "param", "col", "base"], :ugly=>false, :preserve=>["textarea", "pre"]});_erbout = _hamlout.buffer;__in_erb_template = true;;
_hamlout.push_text("<h1>Login</h1>\n");form_for @user_session, :url => user_session_path do |f|;
haml_temp =  f.error_messages;
haml_temp = _hamlout.push_script(haml_temp, false, false, false, false, false);haml_temp =  f.label :login;
haml_temp = _hamlout.push_script(haml_temp, false, false, false, false, false);
_hamlout.push_text("<br />\n");haml_temp =  f.text_field :login;
haml_temp = _hamlout.push_script(haml_temp, false, false, false, false, false);

_hamlout.push_text("<br />\n<br />\n");haml_temp =  f.label :password;
haml_temp = _hamlout.push_script(haml_temp, false, false, false, false, false);
_hamlout.push_text("<br />\n");haml_temp =  f.password_field :password;
haml_temp = _hamlout.push_script(haml_temp, false, false, false, false, false);

_hamlout.push_text("<br />\n<br />\n");haml_temp =  f.check_box :remember_me<%= f.label :remember_me;
haml_temp = _hamlout.push_script(haml_temp, false, false, false, false, false);

_hamlout.push_text("<br />\n<br />\n");haml_temp =  f.submit "Login";
haml_temp = _hamlout.push_script(haml_temp, false, false, false, false, false);end;
@haml_buffer = @haml_buffer.upper;_erbout;
          ensure
            self.output_buffer = old_output_buffer
          end
Backtrace: /Users/hmasing/dev/sandbox/squarefootplanner/app/views/user_sessions/new.html.haml:22:in `compile!'
/Library/Ruby/Gems/1.8/gems/actionpack-2.3.2/lib/action_view/renderable.rb:61:in `compile'
/Library/Ruby/Gems/1.8/gems/actionpack-2.3.2/lib/action_view/renderable.rb:28:in `render'
/Library/Ruby/Gems/1.8/gems/actionpack-2.3.2/lib/action_view/template.rb:194:in `render_template'
/Library/Ruby/Gems/1.8/gems/actionpack-2.3.2/lib/action_view/base.rb:260:in `render_without_haml'
/Library/Ruby/Gems/1.8/gems/haml-2.0.9/lib/haml/helpers/action_view_mods.rb:14:in `render'
/Library/Ruby/Gems/1.8/gems/actionpack-2.3.2/lib/action_controller/base.rb:1241:in `render_for_file'
/Library/Ruby/Gems/1.8/gems/actionpack-2.3.2/lib/action_controller/base.rb:937:in `render_without_benchmark'
/Library/Ruby/Gems/1.8/gems/actionpack-2.3.2/lib/action_controller/benchmarking.rb:51:in `render'
/Library/Ruby/Gems/1.8/gems/activesupport-2.3.2/lib/active_support/core_ext/benchmark.rb:17:in `ms'
/Library/Ruby/Gems/1.8/gems/activesupport-2.3.2/lib/active_support/core_ext/benchmark.rb:10:in `realtime'
/Library/Ruby/Gems/1.8/gems/activesupport-2.3.2/lib/active_support/core_ext/benchmark.rb:17:in `ms'
/Library/Ruby/Gems/1.8/gems/actionpack-2.3.2/lib/action_controller/benchmarking.rb:51:in `render'
/Library/Ruby/Gems/1.8/gems/actionpack-2.3.2/lib/action_controller/base.rb:1317:in `default_render'
/Library/Ruby/Gems/1.8/gems/actionpack-2.3.2/lib/action_controller/base.rb:1323:in `perform_action_without_filters'
/Library/Ruby/Gems/1.8/gems/actionpack-2.3.2/lib/action_controller/filters.rb:617:in `call_filters'
/Library/Ruby/Gems/1.8/gems/actionpack-2.3.2/lib/action_controller/filters.rb:610:in `perform_action_without_benchmark'
/Library/Ruby/Gems/1.8/gems/actionpack-2.3.2/lib/action_controller/benchmarking.rb:68:in `perform_action_without_rescue'
/Library/Ruby/Gems/1.8/gems/activesupport-2.3.2/lib/active_support/core_ext/benchmark.rb:17:in `ms'
/Library/Ruby/Gems/1.8/gems/activesupport-2.3.2/lib/active_support/core_ext/benchmark.rb:10:in `realtime'
/Library/Ruby/Gems/1.8/gems/activesupport-2.3.2/lib/active_support/core_ext/benchmark.rb:17:in `ms'
/Library/Ruby/Gems/1.8/gems/actionpack-2.3.2/lib/action_controller/benchmarking.rb:68:in `perform_action_without_rescue'
/Library/Ruby/Gems/1.8/gems/actionpack-2.3.2/lib/action_controller/rescue.rb:160:in `perform_action_without_flash'
/Library/Ruby/Gems/1.8/gems/actionpack-2.3.2/lib/action_controller/flash.rb:141:in `perform_action'
/Library/Ruby/Gems/1.8/gems/actionpack-2.3.2/lib/action_controller/base.rb:523:in `send'
/Library/Ruby/Gems/1.8/gems/actionpack-2.3.2/lib/action_controller/base.rb:523:in `process_without_filters'
/Library/Ruby/Gems/1.8/gems/actionpack-2.3.2/lib/action_controller/filters.rb:606:in `sass_old_process'
/Library/Ruby/Gems/1.8/gems/haml-2.0.9/lib/sass/plugin/rails.rb:19:in `process'
/Library/Ruby/Gems/1.8/gems/actionpack-2.3.2/lib/action_controller/base.rb:391:in `process'
/Library/Ruby/Gems/1.8/gems/actionpack-2.3.2/lib/action_controller/base.rb:386:in `call'
/Library/Ruby/Gems/1.8/gems/actionpack-2.3.2/lib/action_controller/routing/route_set.rb:433:in `call'
/Library/Ruby/Gems/1.8/gems/actionpack-2.3.2/lib/action_controller/dispatcher.rb:88:in `dispatch'
/Library/Ruby/Gems/1.8/gems/actionpack-2.3.2/lib/action_controller/dispatcher.rb:111:in `_call'
/Library/Ruby/Gems/1.8/gems/actionpack-2.3.2/lib/action_controller/dispatcher.rb:82:in `initialize'
/Library/Ruby/Gems/1.8/gems/activerecord-2.3.2/lib/active_record/query_cache.rb:29:in `call'
/Library/Ruby/Gems/1.8/gems/activerecord-2.3.2/lib/active_record/query_cache.rb:29:in `call'
/Library/Ruby/Gems/1.8/gems/activerecord-2.3.2/lib/active_record/connection_adapters/abstract/query_cache.rb:34:in `cache'
/Library/Ruby/Gems/1.8/gems/activerecord-2.3.2/lib/active_record/query_cache.rb:9:in `cache'
/Library/Ruby/Gems/1.8/gems/activerecord-2.3.2/lib/active_record/query_cache.rb:28:in `call'
/Library/Ruby/Gems/1.8/gems/activerecord-2.3.2/lib/active_record/connection_adapters/abstract/connection_pool.rb:361:in `call'
/Library/Ruby/Gems/1.8/gems/actionpack-2.3.2/lib/action_controller/vendor/rack-1.0/rack/head.rb:9:in `call'
/Library/Ruby/Gems/1.8/gems/actionpack-2.3.2/lib/action_controller/vendor/rack-1.0/rack/methodoverride.rb:24:in `call'
/Library/Ruby/Gems/1.8/gems/actionpack-2.3.2/lib/action_controller/params_parser.rb:15:in `call'
/Library/Ruby/Gems/1.8/gems/actionpack-2.3.2/lib/action_controller/rewindable_input.rb:25:in `call'
/Library/Ruby/Gems/1.8/gems/actionpack-2.3.2/lib/action_controller/session/cookie_store.rb:93:in `call'
/Library/Ruby/Gems/1.8/gems/actionpack-2.3.2/lib/action_controller/reloader.rb:9:in `call'
/Library/Ruby/Gems/1.8/gems/actionpack-2.3.2/lib/action_controller/failsafe.rb:11:in `call'
/Library/Ruby/Gems/1.8/gems/actionpack-2.3.2/lib/action_controller/vendor/rack-1.0/rack/lock.rb:11:in `call'
/Library/Ruby/Gems/1.8/gems/actionpack-2.3.2/lib/action_controller/vendor/rack-1.0/rack/lock.rb:11:in `synchronize'
/Library/Ruby/Gems/1.8/gems/actionpack-2.3.2/lib/action_controller/vendor/rack-1.0/rack/lock.rb:11:in `call'
/Library/Ruby/Gems/1.8/gems/actionpack-2.3.2/lib/action_controller/dispatcher.rb:106:in `call'
/Library/Ruby/Gems/1.8/gems/rails-2.3.2/lib/rails/rack/static.rb:31:in `call'
/Library/Ruby/Gems/1.8/gems/actionpack-2.3.2/lib/action_controller/vendor/rack-1.0/rack/urlmap.rb:46:in `call'
/Library/Ruby/Gems/1.8/gems/actionpack-2.3.2/lib/action_controller/vendor/rack-1.0/rack/urlmap.rb:40:in `each'
/Library/Ruby/Gems/1.8/gems/actionpack-2.3.2/lib/action_controller/vendor/rack-1.0/rack/urlmap.rb:40:in `call'
/Library/Ruby/Gems/1.8/gems/rails-2.3.2/lib/rails/rack/log_tailer.rb:17:in `call'
/Library/Ruby/Gems/1.8/gems/actionpack-2.3.2/lib/action_controller/vendor/rack-1.0/rack/content_length.rb:13:in `call'
/Library/Ruby/Gems/1.8/gems/actionpack-2.3.2/lib/action_controller/vendor/rack-1.0/rack/chunked.rb:15:in `call'
/Library/Ruby/Gems/1.8/gems/actionpack-2.3.2/lib/action_controller/vendor/rack-1.0/rack/handler/mongrel.rb:61:in `process'
/System/Library/Frameworks/Ruby.framework/Versions/1.8/usr/lib/ruby/gems/1.8/gems/mongrel-1.1.4/lib/mongrel.rb:159:in `process_client'
/System/Library/Frameworks/Ruby.framework/Versions/1.8/usr/lib/ruby/gems/1.8/gems/mongrel-1.1.4/lib/mongrel.rb:158:in `each'
/System/Library/Frameworks/Ruby.framework/Versions/1.8/usr/lib/ruby/gems/1.8/gems/mongrel-1.1.4/lib/mongrel.rb:158:in `process_client'
/System/Library/Frameworks/Ruby.framework/Versions/1.8/usr/lib/ruby/gems/1.8/gems/mongrel-1.1.4/lib/mongrel.rb:285:in `run'
/System/Library/Frameworks/Ruby.framework/Versions/1.8/usr/lib/ruby/gems/1.8/gems/mongrel-1.1.4/lib/mongrel.rb:285:in `initialize'
/System/Library/Frameworks/Ruby.framework/Versions/1.8/usr/lib/ruby/gems/1.8/gems/mongrel-1.1.4/lib/mongrel.rb:285:in `new'
/System/Library/Frameworks/Ruby.framework/Versions/1.8/usr/lib/ruby/gems/1.8/gems/mongrel-1.1.4/lib/mongrel.rb:285:in `run'
/System/Library/Frameworks/Ruby.framework/Versions/1.8/usr/lib/ruby/gems/1.8/gems/mongrel-1.1.4/lib/mongrel.rb:268:in `initialize'
/System/Library/Frameworks/Ruby.framework/Versions/1.8/usr/lib/ruby/gems/1.8/gems/mongrel-1.1.4/lib/mongrel.rb:268:in `new'
/System/Library/Frameworks/Ruby.framework/Versions/1.8/usr/lib/ruby/gems/1.8/gems/mongrel-1.1.4/lib/mongrel.rb:268:in `run'
/Library/Ruby/Gems/1.8/gems/actionpack-2.3.2/lib/action_controller/vendor/rack-1.0/rack/handler/mongrel.rb:34:in `run'
/Library/Ruby/Gems/1.8/gems/rails-2.3.2/lib/commands/server.rb:111
/Library/Ruby/Site/1.8/rubygems/custom_require.rb:31:in `gem_original_require'
/Library/Ruby/Site/1.8/rubygems/custom_require.rb:31:in `require'
script/server:3

ActionView::TemplateError (compile error
/Users/hmasing/dev/sandbox/squarefootplanner/app/views/user_sessions/new.html.haml:15: syntax error, unexpected tIDENTIFIER, expecting kEND
haml_temp = _hamlout.push_script(haml_temp, false, false, false, false, false);
                    ^) on line #15 of app/views/user_sessions/new.html.haml:
12:   %br
13:   %br
14:   = f.check_box :remember_me<%= f.label :remember_me
15:   %br
16:   %br
17:   = f.submit "Login"

    app/views/user_sessions/new.html.haml:22:in `compile!'
    haml (2.0.9) lib/haml/helpers/action_view_mods.rb:14:in `render'
    haml (2.0.9) lib/sass/plugin/rails.rb:19:in `process'

Rendered rescues/_trace (30.0ms)
Rendered rescues/_request_and_response (0.2ms)
Rendering rescues/layout (internal_server_error)


Processing UserSessionsController#new (for 127.0.0.1 at 2009-04-25 17:40:30) [GET]
  Parameters: {"action"=>"new", "controller"=>"user_sessions"}
Rendering user_sessions/new
ERROR: compiling _run_haml_app47views47user_sessions47new46html46haml RAISED compile error
/Users/hmasing/dev/sandbox/squarefootplanner/app/views/user_sessions/new.html.haml:15: syntax error, unexpected tIDENTIFIER, expecting kEND
haml_temp = _hamlout.push_script(haml_temp, false, false, false, false, false);
                    ^
Function body:           def _run_haml_app47views47user_sessions47new46html46haml(local_assigns)
            old_output_buffer = output_buffer;;extend Haml::Helpers;_hamlout = @haml_buffer = Haml::Buffer.new(@haml_buffer, {:format=>:xhtml, :attr_wrapper=>"'", :autoclose=>["meta", "img", "link", "br", "hr", "input", "area", "param", "col", "base"], :ugly=>false, :preserve=>["textarea", "pre"]});_erbout = _hamlout.buffer;__in_erb_template = true;;
_hamlout.push_text("<h1>Login</h1>\n");form_for @user_session, :url => user_session_path do |f|;
haml_temp =  f.error_messages;
haml_temp = _hamlout.push_script(haml_temp, false, false, false, false, false);haml_temp =  f.label :login;
haml_temp = _hamlout.push_script(haml_temp, false, false, false, false, false);
_hamlout.push_text("<br />\n");haml_temp =  f.text_field :login;
haml_temp = _hamlout.push_script(haml_temp, false, false, false, false, false);

_hamlout.push_text("<br />\n<br />\n");haml_temp =  f.label :password;
haml_temp = _hamlout.push_script(haml_temp, false, false, false, false, false);
_hamlout.push_text("<br />\n");haml_temp =  f.password_field :password;
haml_temp = _hamlout.push_script(haml_temp, false, false, false, false, false);

_hamlout.push_text("<br />\n<br />\n");haml_temp =  f.check_box :remember_me<%= f.label :remember_me;
haml_temp = _hamlout.push_script(haml_temp, false, false, false, false, false);

_hamlout.push_text("<br />\n<br />\n");haml_temp =  f.submit "Login";
haml_temp = _hamlout.push_script(haml_temp, false, false, false, false, false);end;
@haml_buffer = @haml_buffer.upper;_erbout;
          ensure
            self.output_buffer = old_output_buffer
          end
Backtrace: /Users/hmasing/dev/sandbox/squarefootplanner/app/views/user_sessions/new.html.haml:22:in `compile!'
/Library/Ruby/Gems/1.8/gems/actionpack-2.3.2/lib/action_view/renderable.rb:61:in `compile'
/Library/Ruby/Gems/1.8/gems/actionpack-2.3.2/lib/action_view/renderable.rb:28:in `render'
/Library/Ruby/Gems/1.8/gems/actionpack-2.3.2/lib/action_view/template.rb:194:in `render_template'
/Library/Ruby/Gems/1.8/gems/actionpack-2.3.2/lib/action_view/base.rb:260:in `render_without_haml'
/Library/Ruby/Gems/1.8/gems/haml-2.0.9/lib/haml/helpers/action_view_mods.rb:14:in `render'
/Library/Ruby/Gems/1.8/gems/actionpack-2.3.2/lib/action_controller/base.rb:1241:in `render_for_file'
/Library/Ruby/Gems/1.8/gems/actionpack-2.3.2/lib/action_controller/base.rb:937:in `render_without_benchmark'
/Library/Ruby/Gems/1.8/gems/actionpack-2.3.2/lib/action_controller/benchmarking.rb:51:in `render'
/Library/Ruby/Gems/1.8/gems/activesupport-2.3.2/lib/active_support/core_ext/benchmark.rb:17:in `ms'
/Library/Ruby/Gems/1.8/gems/activesupport-2.3.2/lib/active_support/core_ext/benchmark.rb:10:in `realtime'
/Library/Ruby/Gems/1.8/gems/activesupport-2.3.2/lib/active_support/core_ext/benchmark.rb:17:in `ms'
/Library/Ruby/Gems/1.8/gems/actionpack-2.3.2/lib/action_controller/benchmarking.rb:51:in `render'
/Library/Ruby/Gems/1.8/gems/actionpack-2.3.2/lib/action_controller/base.rb:1317:in `default_render'
/Library/Ruby/Gems/1.8/gems/actionpack-2.3.2/lib/action_controller/base.rb:1323:in `perform_action_without_filters'
/Library/Ruby/Gems/1.8/gems/actionpack-2.3.2/lib/action_controller/filters.rb:617:in `call_filters'
/Library/Ruby/Gems/1.8/gems/actionpack-2.3.2/lib/action_controller/filters.rb:610:in `perform_action_without_benchmark'
/Library/Ruby/Gems/1.8/gems/actionpack-2.3.2/lib/action_controller/benchmarking.rb:68:in `perform_action_without_rescue'
/Library/Ruby/Gems/1.8/gems/activesupport-2.3.2/lib/active_support/core_ext/benchmark.rb:17:in `ms'
/Library/Ruby/Gems/1.8/gems/activesupport-2.3.2/lib/active_support/core_ext/benchmark.rb:10:in `realtime'
/Library/Ruby/Gems/1.8/gems/activesupport-2.3.2/lib/active_support/core_ext/benchmark.rb:17:in `ms'
/Library/Ruby/Gems/1.8/gems/actionpack-2.3.2/lib/action_controller/benchmarking.rb:68:in `perform_action_without_rescue'
/Library/Ruby/Gems/1.8/gems/actionpack-2.3.2/lib/action_controller/rescue.rb:160:in `perform_action_without_flash'
/Library/Ruby/Gems/1.8/gems/actionpack-2.3.2/lib/action_controller/flash.rb:141:in `perform_action'
/Library/Ruby/Gems/1.8/gems/actionpack-2.3.2/lib/action_controller/base.rb:523:in `send'
/Library/Ruby/Gems/1.8/gems/actionpack-2.3.2/lib/action_controller/base.rb:523:in `process_without_filters'
/Library/Ruby/Gems/1.8/gems/actionpack-2.3.2/lib/action_controller/filters.rb:606:in `sass_old_process'
/Library/Ruby/Gems/1.8/gems/haml-2.0.9/lib/sass/plugin/rails.rb:19:in `process'
/Library/Ruby/Gems/1.8/gems/actionpack-2.3.2/lib/action_controller/base.rb:391:in `process'
/Library/Ruby/Gems/1.8/gems/actionpack-2.3.2/lib/action_controller/base.rb:386:in `call'
/Library/Ruby/Gems/1.8/gems/actionpack-2.3.2/lib/action_controller/routing/route_set.rb:433:in `call'
/Library/Ruby/Gems/1.8/gems/actionpack-2.3.2/lib/action_controller/dispatcher.rb:88:in `dispatch'
/Library/Ruby/Gems/1.8/gems/actionpack-2.3.2/lib/action_controller/dispatcher.rb:111:in `_call'
/Library/Ruby/Gems/1.8/gems/actionpack-2.3.2/lib/action_controller/dispatcher.rb:82:in `initialize'
/Library/Ruby/Gems/1.8/gems/activerecord-2.3.2/lib/active_record/query_cache.rb:29:in `call'
/Library/Ruby/Gems/1.8/gems/activerecord-2.3.2/lib/active_record/query_cache.rb:29:in `call'
/Library/Ruby/Gems/1.8/gems/activerecord-2.3.2/lib/active_record/connection_adapters/abstract/query_cache.rb:34:in `cache'
/Library/Ruby/Gems/1.8/gems/activerecord-2.3.2/lib/active_record/query_cache.rb:9:in `cache'
/Library/Ruby/Gems/1.8/gems/activerecord-2.3.2/lib/active_record/query_cache.rb:28:in `call'
/Library/Ruby/Gems/1.8/gems/activerecord-2.3.2/lib/active_record/connection_adapters/abstract/connection_pool.rb:361:in `call'
/Library/Ruby/Gems/1.8/gems/actionpack-2.3.2/lib/action_controller/vendor/rack-1.0/rack/head.rb:9:in `call'
/Library/Ruby/Gems/1.8/gems/actionpack-2.3.2/lib/action_controller/vendor/rack-1.0/rack/methodoverride.rb:24:in `call'
/Library/Ruby/Gems/1.8/gems/actionpack-2.3.2/lib/action_controller/params_parser.rb:15:in `call'
/Library/Ruby/Gems/1.8/gems/actionpack-2.3.2/lib/action_controller/rewindable_input.rb:25:in `call'
/Library/Ruby/Gems/1.8/gems/actionpack-2.3.2/lib/action_controller/session/cookie_store.rb:93:in `call'
/Library/Ruby/Gems/1.8/gems/actionpack-2.3.2/lib/action_controller/reloader.rb:9:in `call'
/Library/Ruby/Gems/1.8/gems/actionpack-2.3.2/lib/action_controller/failsafe.rb:11:in `call'
/Library/Ruby/Gems/1.8/gems/actionpack-2.3.2/lib/action_controller/vendor/rack-1.0/rack/lock.rb:11:in `call'
/Library/Ruby/Gems/1.8/gems/actionpack-2.3.2/lib/action_controller/vendor/rack-1.0/rack/lock.rb:11:in `synchronize'
/Library/Ruby/Gems/1.8/gems/actionpack-2.3.2/lib/action_controller/vendor/rack-1.0/rack/lock.rb:11:in `call'
/Library/Ruby/Gems/1.8/gems/actionpack-2.3.2/lib/action_controller/dispatcher.rb:106:in `call'
/Library/Ruby/Gems/1.8/gems/rails-2.3.2/lib/rails/rack/static.rb:31:in `call'
/Library/Ruby/Gems/1.8/gems/actionpack-2.3.2/lib/action_controller/vendor/rack-1.0/rack/urlmap.rb:46:in `call'
/Library/Ruby/Gems/1.8/gems/actionpack-2.3.2/lib/action_controller/vendor/rack-1.0/rack/urlmap.rb:40:in `each'
/Library/Ruby/Gems/1.8/gems/actionpack-2.3.2/lib/action_controller/vendor/rack-1.0/rack/urlmap.rb:40:in `call'
/Library/Ruby/Gems/1.8/gems/rails-2.3.2/lib/rails/rack/log_tailer.rb:17:in `call'
/Library/Ruby/Gems/1.8/gems/actionpack-2.3.2/lib/action_controller/vendor/rack-1.0/rack/content_length.rb:13:in `call'
/Library/Ruby/Gems/1.8/gems/actionpack-2.3.2/lib/action_controller/vendor/rack-1.0/rack/chunked.rb:15:in `call'
/Library/Ruby/Gems/1.8/gems/actionpack-2.3.2/lib/action_controller/vendor/rack-1.0/rack/handler/mongrel.rb:61:in `process'
/System/Library/Frameworks/Ruby.framework/Versions/1.8/usr/lib/ruby/gems/1.8/gems/mongrel-1.1.4/lib/mongrel.rb:159:in `process_client'
/System/Library/Frameworks/Ruby.framework/Versions/1.8/usr/lib/ruby/gems/1.8/gems/mongrel-1.1.4/lib/mongrel.rb:158:in `each'
/System/Library/Frameworks/Ruby.framework/Versions/1.8/usr/lib/ruby/gems/1.8/gems/mongrel-1.1.4/lib/mongrel.rb:158:in `process_client'
/System/Library/Frameworks/Ruby.framework/Versions/1.8/usr/lib/ruby/gems/1.8/gems/mongrel-1.1.4/lib/mongrel.rb:285:in `run'
/System/Library/Frameworks/Ruby.framework/Versions/1.8/usr/lib/ruby/gems/1.8/gems/mongrel-1.1.4/lib/mongrel.rb:285:in `initialize'
/System/Library/Frameworks/Ruby.framework/Versions/1.8/usr/lib/ruby/gems/1.8/gems/mongrel-1.1.4/lib/mongrel.rb:285:in `new'
/System/Library/Frameworks/Ruby.framework/Versions/1.8/usr/lib/ruby/gems/1.8/gems/mongrel-1.1.4/lib/mongrel.rb:285:in `run'
/System/Library/Frameworks/Ruby.framework/Versions/1.8/usr/lib/ruby/gems/1.8/gems/mongrel-1.1.4/lib/mongrel.rb:268:in `initialize'
/System/Library/Frameworks/Ruby.framework/Versions/1.8/usr/lib/ruby/gems/1.8/gems/mongrel-1.1.4/lib/mongrel.rb:268:in `new'
/System/Library/Frameworks/Ruby.framework/Versions/1.8/usr/lib/ruby/gems/1.8/gems/mongrel-1.1.4/lib/mongrel.rb:268:in `run'
/Library/Ruby/Gems/1.8/gems/actionpack-2.3.2/lib/action_controller/vendor/rack-1.0/rack/handler/mongrel.rb:34:in `run'
/Library/Ruby/Gems/1.8/gems/rails-2.3.2/lib/commands/server.rb:111
/Library/Ruby/Site/1.8/rubygems/custom_require.rb:31:in `gem_original_require'
/Library/Ruby/Site/1.8/rubygems/custom_require.rb:31:in `require'
script/server:3

ActionView::TemplateError (compile error
/Users/hmasing/dev/sandbox/squarefootplanner/app/views/user_sessions/new.html.haml:15: syntax error, unexpected tIDENTIFIER, expecting kEND
haml_temp = _hamlout.push_script(haml_temp, false, false, false, false, false);
                    ^) on line #15 of app/views/user_sessions/new.html.haml:
12:   %br
13:   %br
14:   = f.check_box :remember_me<%= f.label :remember_me
15:   %br
16:   %br
17:   = f.submit "Login"

    app/views/user_sessions/new.html.haml:22:in `compile!'
    haml (2.0.9) lib/haml/helpers/action_view_mods.rb:14:in `render'
    haml (2.0.9) lib/sass/plugin/rails.rb:19:in `process'

Rendered rescues/_trace (31.9ms)
Rendered rescues/_request_and_response (1.3ms)
Rendering rescues/layout (internal_server_error)


Processing UserSessionsController#new (for 127.0.0.1 at 2009-04-25 17:41:19) [GET]
  Parameters: {"action"=>"new", "controller"=>"user_sessions"}
Rendering user_sessions/new
Completed in 66ms (View: 51, DB: 0) | 200 OK [http://localhost/]


Processing UserSessionsController#create (for 127.0.0.1 at 2009-04-25 17:41:21) [POST]
  Parameters: {"commit"=>"Login", "user_session"=>{"password"=>"[FILTERED]", "login"=>"hmasing", "remember_me"=>"0"}, "action"=>"create", "controller"=>"user_sessions"}
  [4;36;1mUser Load (0.2ms)[0m   [0;1mSELECT * FROM "users" WHERE (LOWER("users".login) = 'hmasing') LIMIT 1[0m
Rendering user_sessions/new
Completed in 17ms (View: 2, DB: 0) | 200 OK [http://localhost/user_session]


Processing UsersController#new (for 127.0.0.1 at 2009-04-25 17:47:49) [GET]
  Parameters: {"action"=>"new", "controller"=>"users"}
Rendering users/new
Rendered users/_form (0.9ms)
Completed in 24ms (View: 9, DB: 0) | 200 OK [http://localhost/users/new]


Processing UsersController#create (for 127.0.0.1 at 2009-04-25 17:47:53) [POST]
  Parameters: {"user"=>{"password_confirmation"=>"[FILTERED]", "password"=>"[FILTERED]", "login"=>"hmasing"}, "commit"=>"Register", "action"=>"create", "controller"=>"users"}
  [4;35;1mUser Exists (0.2ms)[0m   [0mSELECT "users".uuid FROM "users" WHERE (LOWER("users"."login") = 'hmasing') LIMIT 1[0m
  [4;36;1mUser Exists (0.1ms)[0m   [0;1mSELECT "users".uuid FROM "users" WHERE ("users"."persistence_token" = '775ade611198a96d381c995a5c26dba9d093c8a03abe644a188a7c7e8b7fe6d05f244f0fc663fac5b2a9b4bf8ad90befd8ae454bd02c54d088e1f41f2e41fcec') LIMIT 1[0m
  [4;35;1mUser Exists (0.1ms)[0m   [0mSELECT "users".uuid FROM "users" WHERE ("users"."single_access_token" = 'i2wXvPpxUYY7HlDmulJr') LIMIT 1[0m
Rendering users/new
Rendered users/_form (0.5ms)
Completed in 184ms (View: 2, DB: 0) | 200 OK [http://localhost/account]


Processing UsersController#create (for 127.0.0.1 at 2009-04-25 17:49:25) [POST]
  Parameters: {"user"=>{"password_confirmation"=>"[FILTERED]", "password"=>"[FILTERED]", "login"=>"hmasing"}, "commit"=>"Register", "action"=>"create", "controller"=>"users"}
  [4;36;1mUser Exists (0.2ms)[0m   [0;1mSELECT "users".uuid FROM "users" WHERE (LOWER("users"."login") = 'hmasing') LIMIT 1[0m
  [4;35;1mUser Exists (0.1ms)[0m   [0mSELECT "users".uuid FROM "users" WHERE ("users"."persistence_token" = 'eac0cd3a10027fe4da52a74ae5cfc01e020439a9986c1abe9c040478905c43957169ba2de84778129c059c1871db34ea8b7d97e04bf43e9b745a41eeda4e2602') LIMIT 1[0m
  [4;36;1mUser Exists (0.4ms)[0m   [0;1mSELECT "users".uuid FROM "users" WHERE ("users"."single_access_token" = 'HoKENFAkpAW2p6jNPo7w') LIMIT 1[0m
Rendering template within layouts/application
Rendering users/new
Rendered users/_form (1.5ms)
  [4;35;1mSQL (0.3ms)[0m   [0mSELECT count(*) AS count_all FROM "users" WHERE (last_request_at > '2009-04-25 21:39:25') [0m
Completed in 233ms (View: 209, DB: 1) | 200 OK [http://localhost/account]


Processing ApplicationController#index (for 127.0.0.1 at 2009-04-25 17:49:26) [GET]

ActionController::RoutingError (No route matches "/stylesheets/scaffold.css" with {:method=>:get}):
  

Rendering rescues/layout (not_found)


Processing UsersController#new (for 127.0.0.1 at 2009-04-25 17:49:32) [GET]
  Parameters: {"action"=>"new", "controller"=>"users"}
Rendering template within layouts/application
Rendering users/new
Rendered users/_form (0.5ms)
  [4;36;1mSQL (0.2ms)[0m   [0;1mSELECT count(*) AS count_all FROM "users" WHERE (last_request_at > '2009-04-25 21:39:32') [0m
Completed in 21ms (View: 5, DB: 0) | 200 OK [http://localhost/account/new]


Processing ApplicationController#index (for 127.0.0.1 at 2009-04-25 17:49:32) [GET]

ActionController::RoutingError (No route matches "/stylesheets/scaffold.css" with {:method=>:get}):
  

Rendering rescues/layout (not_found)
  [4;36;1mSQL (0.2ms)[0m   [0;1m SELECT name
 FROM sqlite_master
 WHERE type = 'table' AND NOT name = 'sqlite_sequence'
[0m
  [4;35;1mSQL (0.1ms)[0m   [0mselect sqlite_version(*)[0m
  [4;36;1mSQL (53.7ms)[0m   [0;1mCREATE TABLE "schema_migrations" ("version" varchar(255) NOT NULL) [0m
  [4;35;1mSQL (3.1ms)[0m   [0mCREATE UNIQUE INDEX "unique_schema_migrations" ON "schema_migrations" ("version")[0m
  [4;36;1mSQL (0.2ms)[0m   [0;1m SELECT name
 FROM sqlite_master
 WHERE type = 'table' AND NOT name = 'sqlite_sequence'
[0m
  [4;35;1mSQL (0.1ms)[0m   [0mSELECT version FROM schema_migrations[0m
Migrating to CreateUsers (20090425210919)
  [4;36;1mSQL (0.5ms)[0m   [0;1mCREATE TABLE "users" ("uuid" varchar(255) NOT NULL, "login" varchar(255) NOT NULL, "first_name" varchar(255) NOT NULL, "last_name" varchar(255) NOT NULL, "email" varchar(255) NOT NULL, "crypted_password" varchar(255) NOT NULL, "password_salt" varchar(255) NOT NULL, "persistence_token" varchar(255) NOT NULL, "single_access_token" varchar(255) NOT NULL, "perishable_token" varchar(255) NOT NULL, "login_count" integer DEFAULT 0 NOT NULL, "failed_login_count" integer DEFAULT 0 NOT NULL, "last_request_at" datetime, "current_login_at" datetime, "last_login_at" datetime, "current_login_ip" varchar(255), "last_login_ip" varchar(255), "created_at" datetime, "updated_at" datetime) [0m
  [4;35;1mSQL (0.1ms)[0m   [0mINSERT INTO schema_migrations (version) VALUES ('20090425210919')[0m
Migrating to CreateSessions (20090425215357)
  [4;36;1mSQL (0.6ms)[0m   [0;1mCREATE TABLE "sessions" ("id" INTEGER PRIMARY KEY AUTOINCREMENT NOT NULL, "session_id" varchar(255) NOT NULL, "data" text, "created_at" datetime, "updated_at" datetime) [0m
  [4;35;1mSQL (0.2ms)[0m   [0mCREATE INDEX "index_sessions_on_session_id" ON "sessions" ("session_id")[0m
  [4;36;1mSQL (0.2ms)[0m   [0;1mCREATE INDEX "index_sessions_on_updated_at" ON "sessions" ("updated_at")[0m
  [4;35;1mSQL (0.1ms)[0m   [0mINSERT INTO schema_migrations (version) VALUES ('20090425215357')[0m
  [4;36;1mSQL (0.4ms)[0m   [0;1m SELECT name
 FROM sqlite_master
 WHERE type = 'table' AND NOT name = 'sqlite_sequence'
[0m
  [4;35;1mSQL (0.2ms)[0m   [0mSELECT version FROM schema_migrations[0m
  [4;36;1mSQL (0.2ms)[0m   [0;1m SELECT name
 FROM sqlite_master
 WHERE type = 'table' AND NOT name = 'sqlite_sequence'
[0m
  [4;35;1mSQL (0.1ms)[0m   [0mPRAGMA index_list("sessions")[0m
  [4;36;1mSQL (0.6ms)[0m   [0;1mPRAGMA index_info('index_sessions_on_updated_at')[0m
  [4;35;1mSQL (0.1ms)[0m   [0mPRAGMA index_info('index_sessions_on_session_id')[0m
  [4;36;1mSQL (0.0ms)[0m   [0;1mPRAGMA index_list("users")[0m
  [4;36;1mUser Exists (0.1ms)[0m   [0;1mSELECT "users".uuid FROM "users" WHERE ("users"."persistence_token" = '6c39e9196f91e881d7743af5d3191b86fab5f9ee8960b9f3e0d38e7bca57ac315cd23f0d80b54e18c1fa42f573bf9ba2a37b142370df7ae79c15d2e6041bc6ea') LIMIT 1[0m
  [4;35;1mUser Exists (0.1ms)[0m   [0mSELECT "users".uuid FROM "users" WHERE ("users"."single_access_token" = 'xoK9uDWIAjsFW6D_uMEo') LIMIT 1[0m
  [4;36;1mUser Exists (0.2ms)[0m   [0;1mSELECT "users".uuid FROM "users" WHERE ("users"."persistence_token" = '6c39e9196f91e881d7743af5d3191b86fab5f9ee8960b9f3e0d38e7bca57ac315cd23f0d80b54e18c1fa42f573bf9ba2a37b142370df7ae79c15d2e6041bc6ea') LIMIT 1[0m
  [4;35;1mUser Exists (0.1ms)[0m   [0mSELECT "users".uuid FROM "users" WHERE ("users"."single_access_token" = 'xoK9uDWIAjsFW6D_uMEo') LIMIT 1[0m


Processing UserSessionsController#new (for 127.0.0.1 at 2009-04-25 17:54:38) [GET]
  Parameters: {"action"=>"new", "controller"=>"user_sessions"}
Rendering template within layouts/application
Rendering user_sessions/new
  [4;36;1mSQL (0.2ms)[0m   [0;1mSELECT count(*) AS count_all FROM "users" WHERE (last_request_at > '2009-04-25 21:44:38') [0m
Completed in 134ms (View: 54, DB: 0) | 200 OK [http://localhost/]


Processing ApplicationController#index (for 127.0.0.1 at 2009-04-25 17:54:38) [GET]

ActionController::RoutingError (No route matches "/stylesheets/scaffold.css" with {:method=>:get}):
  

Rendering rescues/layout (not_found)


Processing UsersController#new (for 127.0.0.1 at 2009-04-25 17:54:43) [GET]
  Parameters: {"action"=>"new", "controller"=>"users"}
Rendering template within layouts/application
Rendering users/new
Rendered users/_form (2.8ms)
  [4;35;1mSQL (0.2ms)[0m   [0mSELECT count(*) AS count_all FROM "users" WHERE (last_request_at > '2009-04-25 21:44:43') [0m
Completed in 73ms (View: 57, DB: 0) | 200 OK [http://localhost/account/new]


Processing ApplicationController#index (for 127.0.0.1 at 2009-04-25 17:54:43) [GET]

ActionController::RoutingError (No route matches "/stylesheets/scaffold.css" with {:method=>:get}):
  

Rendering rescues/layout (not_found)


Processing UsersController#create (for 127.0.0.1 at 2009-04-25 17:54:55) [POST]
  Parameters: {"user"=>{"password_confirmation"=>"[FILTERED]", "first_name"=>"Hans", "password"=>"[FILTERED]", "login"=>"hmasing", "last_name"=>"Masing", "email"=>"hans@masing.net"}, "commit"=>"Register", "action"=>"create", "controller"=>"users"}
  [4;36;1mUser Exists (0.2ms)[0m   [0;1mSELECT "users".uuid FROM "users" WHERE (LOWER("users"."email") = 'hans@masing.net') LIMIT 1[0m
  [4;35;1mUser Exists (0.1ms)[0m   [0mSELECT "users".uuid FROM "users" WHERE (LOWER("users"."login") = 'hmasing') LIMIT 1[0m
  [4;36;1mUser Exists (0.1ms)[0m   [0;1mSELECT "users".uuid FROM "users" WHERE ("users"."persistence_token" = '916ba8fcaa300b4d8d84c376288870d4828e2752e3847e3c9ce71bfb617b337c2bb67154008554470f18d1f97469f3c068dac1c7e4cb82b6c50b4056dd7c519b') LIMIT 1[0m
  [4;35;1mUser Exists (0.1ms)[0m   [0mSELECT "users".uuid FROM "users" WHERE ("users"."single_access_token" = 'aQhN8WG55ghVFVS8zoip') LIMIT 1[0m
  [4;36;1mUser Create (0.9ms)[0m   [0;1mINSERT INTO "users" ("last_login_at", "last_request_at", "updated_at", "crypted_password", "single_access_token", "perishable_token", "current_login_ip", "password_salt", "current_login_at", "failed_login_count", "uuid", "persistence_token", "login_count", "first_name", "login", "last_name", "email", "last_login_ip", "created_at") VALUES(NULL, '2009-04-25 21:54:55', '2009-04-25 21:54:55', '85f5120bc22028af8944dd82a0adda39055ba8b4e34459d8b3fc8a54970d7ef36dca65af6990cad9ab63ca3a31e34b6ee39efb6d8cc1f922a30c2ec4cc395ead', 'aQhN8WG55ghVFVS8zoip', '9M1WNH-Y2E31v9QsOf7N', '127.0.0.1', 'eLRNRbPC_XzZQMpq0unH', '2009-04-25 21:54:55', 0, 'b68d5fd0-31e3-11de-a27a-001ff34ec87b', '916ba8fcaa300b4d8d84c376288870d4828e2752e3847e3c9ce71bfb617b337c2bb67154008554470f18d1f97469f3c068dac1c7e4cb82b6c50b4056dd7c519b', 1, 'Hans', 'hmasing', 'Masing', 'hans@masing.net', NULL, '2009-04-25 21:54:55')[0m
Redirected to http://localhost:3000/account
Completed in 253ms (DB: 1) | 302 Found [http://localhost/account]


Processing UsersController#show (for 127.0.0.1 at 2009-04-25 17:54:56) [GET]
  Parameters: {"action"=>"show", "controller"=>"users"}
  [4;35;1mUser Load (0.4ms)[0m   [0mSELECT * FROM "users" WHERE ("users"."persistence_token" = '916ba8fcaa300b4d8d84c376288870d4828e2752e3847e3c9ce71bfb617b337c2bb67154008554470f18d1f97469f3c068dac1c7e4cb82b6c50b4056dd7c519b') LIMIT 1[0m
  [4;36;1mUser Update (0.6ms)[0m   [0;1mUPDATE "users" SET "perishable_token" = 'va96tmybZFeheAoUDJMB', "last_request_at" = '2009-04-25 21:54:56', "updated_at" = '2009-04-25 21:54:56' WHERE "uuid" = 'b68d5fd0-31e3-11de-a27a-001ff34ec87b'[0m
Rendering template within layouts/application
Rendering users/show
  [4;35;1mSQL (0.3ms)[0m   [0mSELECT count(*) AS count_all FROM "users" WHERE (last_request_at > '2009-04-25 21:44:56') [0m
Completed in 110ms (View: 8, DB: 1) | 200 OK [http://localhost/account]


Processing ApplicationController#index (for 127.0.0.1 at 2009-04-25 17:54:56) [GET]

ActionController::RoutingError (No route matches "/stylesheets/scaffold.css" with {:method=>:get}):
  

Rendering rescues/layout (not_found)
  [4;36;1mUser Load (0.3ms)[0m   [0;1mSELECT * FROM "users" LIMIT 1[0m


Processing UserSessionsController#new (for 127.0.0.1 at 2009-04-25 18:47:10) [GET]
  Parameters: {"action"=>"new", "controller"=>"user_sessions"}
  [4;36;1mUser Load (0.6ms)[0m   [0;1mSELECT * FROM "users" WHERE ("users"."persistence_token" = '916ba8fcaa300b4d8d84c376288870d4828e2752e3847e3c9ce71bfb617b337c2bb67154008554470f18d1f97469f3c068dac1c7e4cb82b6c50b4056dd7c519b') LIMIT 1[0m
  [4;35;1mUser Update (1.0ms)[0m   [0mUPDATE "users" SET "perishable_token" = 'eUVcW1gH65tQvNcth1UJ', "last_request_at" = '2009-04-25 22:47:11', "updated_at" = '2009-04-25 22:47:11' WHERE "uuid" = 'b68d5fd0-31e3-11de-a27a-001ff34ec87b'[0m
Redirected to http://localhost:3000/account
Filter chain halted as [:require_no_user] rendered_or_redirected.
Completed in 303ms (DB: 2) | 302 Found [http://localhost/]


Processing UsersController#show (for 127.0.0.1 at 2009-04-25 18:47:11) [GET]
  Parameters: {"action"=>"show", "controller"=>"users"}
  [4;36;1mUser Load (0.4ms)[0m   [0;1mSELECT * FROM "users" WHERE ("users"."persistence_token" = '916ba8fcaa300b4d8d84c376288870d4828e2752e3847e3c9ce71bfb617b337c2bb67154008554470f18d1f97469f3c068dac1c7e4cb82b6c50b4056dd7c519b') LIMIT 1[0m
  [4;35;1mUser Update (0.5ms)[0m   [0mUPDATE "users" SET "perishable_token" = 'INmAUC_dEdhI5Q8OXrRb', "last_request_at" = '2009-04-25 22:47:11', "updated_at" = '2009-04-25 22:47:11' WHERE "uuid" = 'b68d5fd0-31e3-11de-a27a-001ff34ec87b'[0m
Rendering template within layouts/application
Rendering users/show

ActionView::TemplateError (You don't need to use "- end" in Haml. Use indentation instead:
- if foo?
  %strong Foo!
- else
  Not foo.) on line #42 of app/views/layouts/application.html.haml:
39:     = link_to "My Account", account_path
40:     |
41:     = link_to "Logout", user_session_path, :method => :delete, :confirm => "Are you sure you want to logout?"
42:     - end
43:     %p{ :style => "color: green" }
44:       = flash[:notice]
45:     = yield

    app/views/layouts/application.html.haml:42
    haml (2.1.0) rails/./lib/haml/precompiler.rb:217:in `process_line'
    haml (2.1.0) rails/./lib/haml/precompiler.rb:166:in `precompile'
    haml (2.1.0) rails/./lib/haml/engine.rb:103:in `initialize'
    haml (2.1.0) rails/./lib/haml/template/plugin.rb:21:in `new'
    haml (2.1.0) rails/./lib/haml/template/plugin.rb:21:in `compile'
    haml (2.1.0) rails/./lib/haml/helpers/action_view_mods.rb:14:in `render'
    haml (2.1.0) rails/./lib/haml/helpers/action_view_mods.rb:14:in `render'
    haml (2.1.0) lib/sass/plugin/rails.rb:19:in `process'

Rendered rescues/_trace (38.1ms)
Rendered rescues/_request_and_response (1.2ms)
Rendering rescues/layout (internal_server_error)


Processing UsersController#show (for 127.0.0.1 at 2009-04-25 18:48:06) [GET]
  Parameters: {"action"=>"show", "controller"=>"users"}
  [4;36;1mUser Load (0.3ms)[0m   [0;1mSELECT * FROM "users" WHERE ("users"."persistence_token" = '916ba8fcaa300b4d8d84c376288870d4828e2752e3847e3c9ce71bfb617b337c2bb67154008554470f18d1f97469f3c068dac1c7e4cb82b6c50b4056dd7c519b') LIMIT 1[0m
  [4;35;1mUser Update (1.2ms)[0m   [0mUPDATE "users" SET "perishable_token" = 'iYKi9LFZT3CjkBzfl8Wf', "last_request_at" = '2009-04-25 22:48:06', "updated_at" = '2009-04-25 22:48:06' WHERE "uuid" = 'b68d5fd0-31e3-11de-a27a-001ff34ec87b'[0m
Rendering template within layouts/application
Rendering users/show
  [4;36;1mSQL (0.3ms)[0m   [0;1mSELECT count(*) AS count_all FROM "users" WHERE (last_request_at > '2009-04-25 22:38:06') [0m
Completed in 89ms (View: 10, DB: 2) | 200 OK [http://localhost/account]


Processing ApplicationController#index (for 127.0.0.1 at 2009-04-25 18:48:06) [GET]

ActionController::RoutingError (No route matches "/stylesheets/scaffold.css" with {:method=>:get}):
  

Rendering rescues/layout (not_found)


Processing UsersController#show (for 127.0.0.1 at 2009-04-25 18:48:22) [GET]
  Parameters: {"action"=>"show", "controller"=>"users"}
  [4;35;1mUser Load (0.3ms)[0m   [0mSELECT * FROM "users" WHERE ("users"."persistence_token" = '916ba8fcaa300b4d8d84c376288870d4828e2752e3847e3c9ce71bfb617b337c2bb67154008554470f18d1f97469f3c068dac1c7e4cb82b6c50b4056dd7c519b') LIMIT 1[0m
  [4;36;1mUser Update (1.0ms)[0m   [0;1mUPDATE "users" SET "perishable_token" = 'ZuqphWokXZvzNmnqvWK-', "last_request_at" = '2009-04-25 22:48:22', "updated_at" = '2009-04-25 22:48:22' WHERE "uuid" = 'b68d5fd0-31e3-11de-a27a-001ff34ec87b'[0m
Rendering template within layouts/application
Rendering users/show
  [4;35;1mSQL (0.3ms)[0m   [0mSELECT count(*) AS count_all FROM "users" WHERE (last_request_at > '2009-04-25 22:38:23') [0m
Completed in 232ms (View: 4, DB: 2) | 200 OK [http://localhost/account]


Processing ApplicationController#index (for 127.0.0.1 at 2009-04-25 18:48:23) [GET]

ActionController::RoutingError (No route matches "/stylesheets/scaffold.css" with {:method=>:get}):
  

Rendering rescues/layout (not_found)


Processing UsersController#show (for 127.0.0.1 at 2009-04-25 18:56:28) [GET]
  Parameters: {"action"=>"show", "controller"=>"users"}
  [4;36;1mUser Load (0.4ms)[0m   [0;1mSELECT * FROM "users" WHERE ("users"."persistence_token" = '916ba8fcaa300b4d8d84c376288870d4828e2752e3847e3c9ce71bfb617b337c2bb67154008554470f18d1f97469f3c068dac1c7e4cb82b6c50b4056dd7c519b') LIMIT 1[0m
  [4;35;1mUser Update (0.7ms)[0m   [0mUPDATE "users" SET "perishable_token" = '9vxMuCCJZXNMnWTSfOp3', "last_request_at" = '2009-04-25 22:56:28', "updated_at" = '2009-04-25 22:56:28' WHERE "uuid" = 'b68d5fd0-31e3-11de-a27a-001ff34ec87b'[0m
Rendering template within layouts/application
Rendering users/show
  [4;36;1mSQL (0.2ms)[0m   [0;1mSELECT count(*) AS count_all FROM "users" WHERE (last_request_at > '2009-04-25 22:46:28') [0m
Completed in 204ms (View: 12, DB: 1) | 200 OK [http://localhost/account]


Processing ApplicationController#index (for 127.0.0.1 at 2009-04-25 18:56:28) [GET]

ActionController::RoutingError (No route matches "/stylesheets/scaffold.css" with {:method=>:get}):
  

Rendering rescues/layout (not_found)


Processing UsersController#show (for 127.0.0.1 at 2009-04-25 19:00:46) [GET]
  Parameters: {"action"=>"show", "controller"=>"users"}
  [4;35;1mUser Load (0.3ms)[0m   [0mSELECT * FROM "users" WHERE ("users"."persistence_token" = '916ba8fcaa300b4d8d84c376288870d4828e2752e3847e3c9ce71bfb617b337c2bb67154008554470f18d1f97469f3c068dac1c7e4cb82b6c50b4056dd7c519b') LIMIT 1[0m
  [4;36;1mUser Update (0.6ms)[0m   [0;1mUPDATE "users" SET "perishable_token" = 'zFXXj85PtMatL3muP8kh', "last_request_at" = '2009-04-25 23:00:46', "updated_at" = '2009-04-25 23:00:46' WHERE "uuid" = 'b68d5fd0-31e3-11de-a27a-001ff34ec87b'[0m
Rendering template within layouts/application
Rendering users/show
  [4;35;1mSQL (0.3ms)[0m   [0mSELECT count(*) AS count_all FROM "users" WHERE (last_request_at > '2009-04-25 22:50:46') [0m
Completed in 128ms (View: 58, DB: 1) | 200 OK [http://localhost/account]


Processing ApplicationController#index (for 127.0.0.1 at 2009-04-25 19:00:46) [GET]

ActionController::RoutingError (No route matches "/stylesheets/scaffold.css" with {:method=>:get}):
  

Rendering rescues/layout (not_found)


Processing UsersController#show (for 127.0.0.1 at 2009-04-25 19:49:26) [GET]
  Parameters: {"action"=>"show", "controller"=>"users"}
  [4;36;1mUser Load (0.3ms)[0m   [0;1mSELECT * FROM "users" WHERE ("users"."persistence_token" = '916ba8fcaa300b4d8d84c376288870d4828e2752e3847e3c9ce71bfb617b337c2bb67154008554470f18d1f97469f3c068dac1c7e4cb82b6c50b4056dd7c519b') LIMIT 1[0m
  [4;35;1mUser Update (0.9ms)[0m   [0mUPDATE "users" SET "perishable_token" = 'wHfUqeRHDPPPjNOC9dft', "last_request_at" = '2009-04-25 23:49:26', "updated_at" = '2009-04-25 23:49:26' WHERE "uuid" = 'b68d5fd0-31e3-11de-a27a-001ff34ec87b'[0m
Rendering template within layouts/application
Rendering users/show
  [4;36;1mSQL (0.3ms)[0m   [0;1mSELECT count(*) AS count_all FROM "users" WHERE (last_request_at > '2009-04-25 23:39:26') [0m
Completed in 208ms (View: 16, DB: 1) | 200 OK [http://localhost/account]


Processing ApplicationController#index (for 127.0.0.1 at 2009-04-25 19:49:26) [GET]

ActionController::RoutingError (No route matches "/stylesheets/scaffold.css" with {:method=>:get}):
  

Rendering rescues/layout (not_found)


Processing ApplicationController#index (for 127.0.0.1 at 2009-04-25 19:49:58) [GET]

ActionController::RoutingError (No route matches "/stylesheets/screen.css" with {:method=>:get}):
  

Rendering rescues/layout (not_found)


Processing ApplicationController#index (for 127.0.0.1 at 2009-04-25 19:50:41) [GET]

ActionController::RoutingError (No route matches "/compiled/screen.css" with {:method=>:get}):
  

Rendering rescues/layout (not_found)


Processing UserSessionsController#destroy (for 127.0.0.1 at 2009-04-25 20:32:39) [DELETE]
  Parameters: {"action"=>"destroy", "_method"=>"delete", "controller"=>"user_sessions"}
  [4;36;1mUser Load (0.4ms)[0m   [0;1mSELECT * FROM "users" WHERE ("users"."persistence_token" = '916ba8fcaa300b4d8d84c376288870d4828e2752e3847e3c9ce71bfb617b337c2bb67154008554470f18d1f97469f3c068dac1c7e4cb82b6c50b4056dd7c519b') LIMIT 1[0m
  [4;35;1mUser Update (0.6ms)[0m   [0mUPDATE "users" SET "perishable_token" = 'hi0noeLMCK9xNTat1VwG', "last_request_at" = '2009-04-26 00:32:40', "updated_at" = '2009-04-26 00:32:40' WHERE "uuid" = 'b68d5fd0-31e3-11de-a27a-001ff34ec87b'[0m
Redirected to http://localhost:3000/
Completed in 182ms (DB: 1) | 302 Found [http://localhost/user_session]


Processing UserSessionsController#new (for 127.0.0.1 at 2009-04-25 20:32:40) [GET]
  Parameters: {"action"=>"new", "controller"=>"user_sessions"}
Rendering template within layouts/application
Rendering user_sessions/new
  [4;36;1mSQL (0.2ms)[0m   [0;1mSELECT count(*) AS count_all FROM "users" WHERE (last_request_at > '2009-04-26 00:22:40') [0m
Completed in 79ms (View: 61, DB: 0) | 200 OK [http://localhost/]


Processing ApplicationController#index (for 127.0.0.1 at 2009-04-25 20:32:40) [GET]

ActionController::RoutingError (No route matches "/stylesheets/scaffold.css" with {:method=>:get}):
  

Rendering rescues/layout (not_found)


Processing UserSessionsController#new (for 10.0.0.69 at 2009-04-25 20:33:02) [GET]
  Parameters: {"action"=>"new", "controller"=>"user_sessions"}
Rendering template within layouts/application
Rendering user_sessions/new
  [4;35;1mSQL (0.2ms)[0m   [0mSELECT count(*) AS count_all FROM "users" WHERE (last_request_at > '2009-04-26 00:23:02') [0m
Completed in 23ms (View: 3, DB: 0) | 200 OK [http://10.0.0.69/]


Processing ApplicationController#index (for 10.0.0.69 at 2009-04-25 20:33:02) [GET]

ActionController::RoutingError (No route matches "/stylesheets/scaffold.css" with {:method=>:get}):
  

Rendering rescues/layout (not_found)


Processing UsersController#new (for 10.0.0.69 at 2009-04-25 20:33:20) [GET]
  Parameters: {"action"=>"new", "controller"=>"users"}
Rendering template within layouts/application
Rendering users/new

ActionView::TemplateError (You don't need to use "- end" in Haml. Use indentation instead:
- if foo?
  %strong Foo!
- else
  Not foo.) on line #7 of app/views/users/new.html.haml:
4: = f.error_messages
5: = render :partial => "form", :object => f
6: = f.submit "Register"
7: - end

    app/views/users/new.html.haml:7
    haml (2.1.0) rails/./lib/haml/precompiler.rb:217:in `process_line'
    haml (2.1.0) rails/./lib/haml/precompiler.rb:166:in `precompile'
    haml (2.1.0) rails/./lib/haml/engine.rb:103:in `initialize'
    haml (2.1.0) rails/./lib/haml/template/plugin.rb:21:in `new'
    haml (2.1.0) rails/./lib/haml/template/plugin.rb:21:in `compile'
    haml (2.1.0) rails/./lib/haml/helpers/action_view_mods.rb:14:in `render'
    haml (2.1.0) rails/./lib/haml/helpers/action_view_mods.rb:14:in `render'
    haml (2.1.0) lib/sass/plugin/rails.rb:19:in `process'

Rendered rescues/_trace (36.8ms)
Rendered rescues/_request_and_response (1.3ms)
Rendering rescues/layout (internal_server_error)


Processing UsersController#new (for 10.0.0.69 at 2009-04-25 20:34:04) [GET]
  Parameters: {"action"=>"new", "controller"=>"users"}
Rendering template within layouts/application
Rendering users/new
Rendered users/_form (3.7ms)
  [4;36;1mSQL (0.2ms)[0m   [0;1mSELECT count(*) AS count_all FROM "users" WHERE (last_request_at > '2009-04-26 00:24:04') [0m
Completed in 29ms (View: 14, DB: 0) | 200 OK [http://10.0.0.69/account/new]


Processing ApplicationController#index (for 10.0.0.69 at 2009-04-25 20:34:04) [GET]

ActionController::RoutingError (No route matches "/stylesheets/scaffold.css" with {:method=>:get}):
  

Rendering rescues/layout (not_found)


Processing UserSessionsController#new (for 10.0.0.53 at 2009-04-25 20:34:16) [GET]
  Parameters: {"action"=>"new", "controller"=>"user_sessions"}
Rendering template within layouts/application
Rendering user_sessions/new
  [4;35;1mSQL (0.2ms)[0m   [0mSELECT count(*) AS count_all FROM "users" WHERE (last_request_at > '2009-04-26 00:24:16') [0m
Completed in 18ms (View: 3, DB: 0) | 200 OK [http://10.0.0.69/]


Processing ApplicationController#index (for 10.0.0.53 at 2009-04-25 20:34:17) [GET]

ActionController::RoutingError (No route matches "/stylesheets/scaffold.css" with {:method=>:get}):
  

Rendering rescues/layout (not_found)


Processing UsersController#new (for 10.0.0.53 at 2009-04-25 20:34:34) [GET]
  Parameters: {"action"=>"new", "controller"=>"users"}
Rendering template within layouts/application
Rendering users/new
Rendered users/_form (1.0ms)
  [4;36;1mSQL (0.2ms)[0m   [0;1mSELECT count(*) AS count_all FROM "users" WHERE (last_request_at > '2009-04-26 00:24:34') [0m
Completed in 22ms (View: 7, DB: 0) | 200 OK [http://10.0.0.69/account/new]


Processing ApplicationController#index (for 10.0.0.53 at 2009-04-25 20:34:34) [GET]

ActionController::RoutingError (No route matches "/stylesheets/scaffold.css" with {:method=>:get}):
  

Rendering rescues/layout (not_found)


Processing UsersController#create (for 10.0.0.53 at 2009-04-25 20:34:49) [POST]
  Parameters: {"user"=>{"password_confirmation"=>"[FILTERED]", "first_name"=>"Tricia", "password"=>"[FILTERED]", "login"=>"pmasing", "last_name"=>"Masing", "email"=>"tricia@masing.net"}, "commit"=>"Register", "action"=>"create", "controller"=>"users"}
  [4;35;1mUser Exists (0.2ms)[0m   [0mSELECT "users".uuid FROM "users" WHERE (LOWER("users"."email") = 'tricia@masing.net') LIMIT 1[0m
  [4;36;1mUser Exists (0.1ms)[0m   [0;1mSELECT "users".uuid FROM "users" WHERE (LOWER("users"."login") = 'pmasing') LIMIT 1[0m
  [4;35;1mUser Exists (0.1ms)[0m   [0mSELECT "users".uuid FROM "users" WHERE ("users"."persistence_token" = 'f7439e4e4a473ba8f5a8860bf5a3cae7ea3de66b9d2e0e3ab0f770ad4bd2f447a76ef60c418a74e2a6a9bc85d18ce42f42160c9c45cada235fa3ffe16340d702') LIMIT 1[0m
  [4;36;1mUser Exists (0.1ms)[0m   [0;1mSELECT "users".uuid FROM "users" WHERE ("users"."single_access_token" = 'ocRpjq0yd3HZmFfgOGZn') LIMIT 1[0m
  [4;35;1mUser Create (0.9ms)[0m   [0mINSERT INTO "users" ("last_login_at", "last_request_at", "updated_at", "crypted_password", "single_access_token", "perishable_token", "current_login_ip", "password_salt", "current_login_at", "failed_login_count", "uuid", "persistence_token", "login_count", "first_name", "login", "last_name", "email", "last_login_ip", "created_at") VALUES(NULL, '2009-04-26 00:34:49', '2009-04-26 00:34:50', '2a8f229ff52637a62715f48329dc298778f708aef8769c9d169843696973ec8fa9d0fbaf32c94877fe72ab570370b4adff96ed5c8318db03dec0d823c7e24054', 'ocRpjq0yd3HZmFfgOGZn', '9aXZA-G-HS7dcAoOirW6', '10.0.0.53', 'Yal4Fb6_wt5ZLNf65Uar', '2009-04-26 00:34:49', 0, '0d23c954-31fa-11de-86ed-001ff34ec87b', 'f7439e4e4a473ba8f5a8860bf5a3cae7ea3de66b9d2e0e3ab0f770ad4bd2f447a76ef60c418a74e2a6a9bc85d18ce42f42160c9c45cada235fa3ffe16340d702', 1, 'Tricia', 'pmasing', 'Masing', 'tricia@masing.net', NULL, '2009-04-26 00:34:50')[0m
Redirected to http://10.0.0.69:3000/account
Completed in 519ms (DB: 1) | 302 Found [http://10.0.0.69/account]


Processing UsersController#show (for 10.0.0.53 at 2009-04-25 20:34:50) [GET]
  Parameters: {"action"=>"show", "controller"=>"users"}
  [4;36;1mUser Load (0.4ms)[0m   [0;1mSELECT * FROM "users" WHERE ("users"."persistence_token" = 'f7439e4e4a473ba8f5a8860bf5a3cae7ea3de66b9d2e0e3ab0f770ad4bd2f447a76ef60c418a74e2a6a9bc85d18ce42f42160c9c45cada235fa3ffe16340d702') LIMIT 1[0m
  [4;35;1mUser Update (0.6ms)[0m   [0mUPDATE "users" SET "perishable_token" = 'F7_DXSR3nxhSV7P8q4Rf', "last_request_at" = '2009-04-26 00:34:50', "updated_at" = '2009-04-26 00:34:50' WHERE "uuid" = '0d23c954-31fa-11de-86ed-001ff34ec87b'[0m
Rendering template within layouts/application
Rendering users/show
  [4;36;1mSQL (0.3ms)[0m   [0;1mSELECT count(*) AS count_all FROM "users" WHERE (last_request_at > '2009-04-26 00:24:50') [0m
Completed in 36ms (View: 11, DB: 1) | 200 OK [http://10.0.0.69/account]


Processing ApplicationController#index (for 10.0.0.53 at 2009-04-25 20:34:50) [GET]

ActionController::RoutingError (No route matches "/stylesheets/scaffold.css" with {:method=>:get}):
  

Rendering rescues/layout (not_found)


Processing UserSessionsController#new (for 10.0.0.69 at 2009-04-25 20:35:01) [GET]
  Parameters: {"action"=>"new", "controller"=>"user_sessions"}
Rendering template within layouts/application
Rendering user_sessions/new
  [4;35;1mSQL (0.2ms)[0m   [0mSELECT count(*) AS count_all FROM "users" WHERE (last_request_at > '2009-04-26 00:25:01') [0m
Completed in 20ms (View: 3, DB: 0) | 200 OK [http://10.0.0.69/]


Processing ApplicationController#index (for 10.0.0.69 at 2009-04-25 20:35:02) [GET]

ActionController::RoutingError (No route matches "/stylesheets/scaffold.css" with {:method=>:get}):
  

Rendering rescues/layout (not_found)


Processing UserSessionsController#create (for 10.0.0.69 at 2009-04-25 20:35:24) [POST]
  Parameters: {"commit"=>"Login", "user_session"=>{"password"=>"[FILTERED]", "login"=>"hmasing", "remember_me"=>"0"}, "action"=>"create", "controller"=>"user_sessions"}
  [4;36;1mUser Load (0.4ms)[0m   [0;1mSELECT * FROM "users" WHERE (LOWER("users".login) = 'hmasing') LIMIT 1[0m
  [4;35;1mUser Update (0.6ms)[0m   [0mUPDATE "users" SET "login_count" = 2, "current_login_ip" = '10.0.0.69', "perishable_token" = 'GpbsBqNCg60JvU-RxPhq', "last_request_at" = '2009-04-26 00:35:24', "last_login_at" = '2009-04-25 21:54:55', "last_login_ip" = '127.0.0.1', "updated_at" = '2009-04-26 00:35:24', "current_login_at" = '2009-04-26 00:35:24' WHERE "uuid" = 'b68d5fd0-31e3-11de-a27a-001ff34ec87b'[0m
Redirected to http://10.0.0.69:3000/account
Completed in 26ms (DB: 1) | 302 Found [http://10.0.0.69/user_session]


Processing UsersController#show (for 10.0.0.69 at 2009-04-25 20:35:24) [GET]
  Parameters: {"action"=>"show", "controller"=>"users"}
  [4;36;1mUser Load (0.6ms)[0m   [0;1mSELECT * FROM "users" WHERE ("users"."uuid" = 'b68d5fd0-31e3-11de-a27a-001ff34ec87b') LIMIT 1[0m
  [4;35;1mUser Update (0.7ms)[0m   [0mUPDATE "users" SET "perishable_token" = 'tr04oo0qHU847yj_70ds', "last_request_at" = '2009-04-26 00:35:24', "updated_at" = '2009-04-26 00:35:24' WHERE "uuid" = 'b68d5fd0-31e3-11de-a27a-001ff34ec87b'[0m
Rendering template within layouts/application
Rendering users/show
  [4;36;1mSQL (0.3ms)[0m   [0;1mSELECT count(*) AS count_all FROM "users" WHERE (last_request_at > '2009-04-26 00:25:24') [0m
Completed in 37ms (View: 4, DB: 2) | 200 OK [http://10.0.0.69/account]


Processing ApplicationController#index (for 10.0.0.69 at 2009-04-25 20:35:24) [GET]

ActionController::RoutingError (No route matches "/stylesheets/scaffold.css" with {:method=>:get}):
  

Rendering rescues/layout (not_found)


Processing Admin::UsersController#index (for 10.0.0.69 at 2009-04-25 20:57:01) [GET]
  Parameters: {"action"=>"index", "controller"=>"admin/users"}
  [4;36;1mSQL (0.2ms)[0m   [0;1mSELECT count(*) AS count_all FROM "users" [0m
  [4;35;1mUser Load (0.9ms)[0m   [0mSELECT "users".* FROM "users" ORDER BY users."uuid" ASC LIMIT 15 OFFSET 0[0m
Rendering template within layouts/application
Rendering list
  [4;36;1mCACHE (0.0ms)[0m   [0;1mSELECT count(*) AS count_all FROM "users" [0m
Rendered _list_header (10.1ms)
Rendered _list_column_headings (10.9ms)
Rendered _messages (0.7ms)
Rendered _list_actions (2.6ms)
Rendered _list_record (105.6ms)
Rendered _list_actions (1.1ms)
Rendered _list_record (6.3ms)
Rendered _list (133.3ms)
  [4;35;1mSQL (0.2ms)[0m   [0mSELECT count(*) AS count_all FROM "users" WHERE (last_request_at > '2009-04-26 00:47:01') [0m
  [4;36;1mUser Load (0.4ms)[0m   [0;1mSELECT * FROM "users" WHERE ("users"."uuid" = 'b68d5fd0-31e3-11de-a27a-001ff34ec87b') LIMIT 1[0m
  [4;35;1mUser Update (0.5ms)[0m   [0mUPDATE "users" SET "perishable_token" = '3P1EywSMFYSurRdiWeek', "last_request_at" = '2009-04-26 00:57:01', "updated_at" = '2009-04-26 00:57:01' WHERE "uuid" = 'b68d5fd0-31e3-11de-a27a-001ff34ec87b'[0m
Completed in 239ms (View: 226, DB: 2) | 200 OK [http://10.0.0.69/admin/users]


Processing ApplicationController#index (for 10.0.0.69 at 2009-04-25 20:57:01) [GET]

ActionController::RoutingError (No route matches "/stylesheets/scaffold.css" with {:method=>:get}):
  

Rendering rescues/layout (not_found)


Processing Admin::UsersController#index (for 10.0.0.69 at 2009-04-25 20:58:11) [GET]
  Parameters: {"action"=>"index", "controller"=>"admin/users"}
  [4;36;1mSQL (0.2ms)[0m   [0;1mSELECT count(*) AS count_all FROM "users" [0m
  [4;35;1mUser Load (0.8ms)[0m   [0mSELECT "users".* FROM "users" ORDER BY users."uuid" ASC LIMIT 15 OFFSET 0[0m
Rendering template within layouts/application
Rendering list
  [4;36;1mCACHE (0.0ms)[0m   [0;1mSELECT count(*) AS count_all FROM "users" [0m
Rendered _list_header (2.8ms)
Rendered _list_column_headings (11.0ms)
Rendered _messages (0.7ms)
Rendered _list_actions (1.8ms)
Rendered _list_record (10.3ms)
Rendered _list_actions (1.0ms)
Rendered _list_record (6.3ms)
Rendered _list (38.0ms)
  [4;35;1mSQL (0.2ms)[0m   [0mSELECT count(*) AS count_all FROM "users" WHERE (last_request_at > '2009-04-26 00:48:11') [0m
  [4;36;1mUser Load (0.3ms)[0m   [0;1mSELECT * FROM "users" WHERE ("users"."uuid" = 'b68d5fd0-31e3-11de-a27a-001ff34ec87b') LIMIT 1[0m
  [4;35;1mUser Update (0.5ms)[0m   [0mUPDATE "users" SET "perishable_token" = 'Epmg42dIJNs1-jXzPsB0', "last_request_at" = '2009-04-26 00:58:11', "updated_at" = '2009-04-26 00:58:11' WHERE "uuid" = 'b68d5fd0-31e3-11de-a27a-001ff34ec87b'[0m
Completed in 170ms (View: 163, DB: 2) | 200 OK [http://10.0.0.69/admin/users]


Processing ApplicationController#index (for 10.0.0.69 at 2009-04-25 20:58:11) [GET]

ActionController::RoutingError (No route matches "/stylesheets/scaffold.css" with {:method=>:get}):
  

Rendering rescues/layout (not_found)


Processing Admin::UsersController#index (for 10.0.0.69 at 2009-04-25 20:58:19) [GET]
  Parameters: {"action"=>"index", "controller"=>"admin/users"}
  [4;36;1mSQL (0.2ms)[0m   [0;1mSELECT count(*) AS count_all FROM "users" [0m
  [4;35;1mUser Load (1.0ms)[0m   [0mSELECT "users".* FROM "users" ORDER BY users."uuid" ASC LIMIT 15 OFFSET 0[0m

NoMethodError (undefined method `admin' for #<Admin::UsersController:0x25fffa8>):
  haml (2.1.0) lib/sass/plugin/rails.rb:19:in `process'

Rendered rescues/_trace (35.7ms)
Rendered rescues/_request_and_response (1.3ms)
Rendering rescues/layout (internal_server_error)


Processing Admin::UsersController#index (for 10.0.0.69 at 2009-04-25 20:58:31) [GET]
  Parameters: {"action"=>"index", "controller"=>"admin/users"}
  [4;36;1mSQL (0.2ms)[0m   [0;1mSELECT count(*) AS count_all FROM "users" [0m
  [4;35;1mUser Load (0.8ms)[0m   [0mSELECT "users".* FROM "users" ORDER BY users."uuid" ASC LIMIT 15 OFFSET 0[0m

ActionView::MissingTemplate (Missing template admin.erb in view path vendor/plugins/active_scaffold/frontends/default/views):
  haml (2.1.0) lib/sass/plugin/rails.rb:19:in `process'

Rendering rescues/layout (internal_server_error)


Processing Admin::UsersController#index (for 10.0.0.69 at 2009-04-25 20:59:46) [GET]
  Parameters: {"action"=>"index", "controller"=>"admin/users"}
  [4;36;1mSQL (0.2ms)[0m   [0;1mSELECT count(*) AS count_all FROM "users" [0m
  [4;35;1mUser Load (0.8ms)[0m   [0mSELECT "users".* FROM "users" ORDER BY users."uuid" ASC LIMIT 15 OFFSET 0[0m
Rendering template within layouts/admin
Rendering list
  [4;36;1mCACHE (0.0ms)[0m   [0;1mSELECT count(*) AS count_all FROM "users" [0m
Rendered _list_header (2.1ms)
Rendered _list_column_headings (11.3ms)
Rendered _messages (0.7ms)
Rendered _list_actions (1.8ms)
Rendered _list_record (10.1ms)
Rendered _list_actions (1.0ms)
Rendered _list_record (5.8ms)
Rendered _list (37.5ms)
  [4;35;1mUser Load (0.4ms)[0m   [0mSELECT * FROM "users" WHERE ("users"."uuid" = 'b68d5fd0-31e3-11de-a27a-001ff34ec87b') LIMIT 1[0m
  [4;36;1mUser Update (0.6ms)[0m   [0;1mUPDATE "users" SET "perishable_token" = 'dccZatALEelEh0tjd5VK', "last_request_at" = '2009-04-26 00:59:47', "updated_at" = '2009-04-26 00:59:47' WHERE "uuid" = 'b68d5fd0-31e3-11de-a27a-001ff34ec87b'[0m
Completed in 172ms (View: 165, DB: 2) | 200 OK [http://10.0.0.69/admin/users]


Processing ApplicationController#index (for 10.0.0.69 at 2009-04-25 20:59:47) [GET]

ActionController::RoutingError (No route matches "/stylesheets/scaffold.css" with {:method=>:get}):
  

Rendering rescues/layout (not_found)


Processing Admin::UsersController#index (for 10.0.0.69 at 2009-04-25 21:07:47) [GET]
  Parameters: {"action"=>"index", "controller"=>"admin/users"}
  [4;35;1mSQL (0.2ms)[0m   [0mSELECT count(*) AS count_all FROM "users" [0m
  [4;36;1mUser Load (1.1ms)[0m   [0;1mSELECT "users".* FROM "users" ORDER BY users."uuid" ASC LIMIT 15 OFFSET 0[0m
Rendering template within layouts/admin
Rendering list
  [4;35;1mCACHE (0.0ms)[0m   [0mSELECT count(*) AS count_all FROM "users" [0m
Rendered _list_header (2.1ms)
Rendered _list_column_headings (3.5ms)
Rendered _messages (0.7ms)
Rendered _list_actions (1.9ms)
Rendered _list_record (6.7ms)
Rendered _list_actions (1.0ms)
Rendered _list_record (2.5ms)
Rendered _list (69.9ms)
  [4;36;1mUser Load (0.4ms)[0m   [0;1mSELECT * FROM "users" WHERE ("users"."uuid" = 'b68d5fd0-31e3-11de-a27a-001ff34ec87b') LIMIT 1[0m
  [4;35;1mUser Update (0.5ms)[0m   [0mUPDATE "users" SET "perishable_token" = 'QPcwMwrsB9WU_L7NtZ25', "last_request_at" = '2009-04-26 01:07:47', "updated_at" = '2009-04-26 01:07:47' WHERE "uuid" = 'b68d5fd0-31e3-11de-a27a-001ff34ec87b'[0m
Completed in 152ms (View: 147, DB: 2) | 200 OK [http://10.0.0.69/admin/users]


Processing ApplicationController#index (for 10.0.0.69 at 2009-04-25 21:07:47) [GET]

ActionController::RoutingError (No route matches "/stylesheets/scaffold.css" with {:method=>:get}):
  

Rendering rescues/layout (not_found)
  [4;36;1mSQL (0.5ms)[0m   [0;1m SELECT name
 FROM sqlite_master
 WHERE type = 'table' AND NOT name = 'sqlite_sequence'
[0m
  [4;35;1mSQL (0.1ms)[0m   [0mSELECT version FROM schema_migrations[0m
Migrating to CreateUsers (20090425210919)
Migrating to CreateSessions (20090425215357)
Migrating to AddIsAdminToUsers (20090426010811)
  [4;36;1mSQL (0.1ms)[0m   [0;1mselect sqlite_version(*)[0m
  [4;35;1mSQL (0.6ms)[0m   [0mALTER TABLE "users" ADD "is_admin" boolean DEFAULT 'f'[0m
  [4;36;1mSQL (0.2ms)[0m   [0;1mCREATE INDEX "index_users_on_is_admin" ON "users" ("is_admin")[0m
  [4;35;1mSQL (0.1ms)[0m   [0mINSERT INTO schema_migrations (version) VALUES ('20090426010811')[0m
  [4;36;1mSQL (0.3ms)[0m   [0;1m SELECT name
 FROM sqlite_master
 WHERE type = 'table' AND NOT name = 'sqlite_sequence'
[0m
  [4;35;1mSQL (0.2ms)[0m   [0mSELECT version FROM schema_migrations[0m
  [4;36;1mSQL (0.2ms)[0m   [0;1m SELECT name
 FROM sqlite_master
 WHERE type = 'table' AND NOT name = 'sqlite_sequence'
[0m
  [4;35;1mSQL (0.1ms)[0m   [0mPRAGMA index_list("sessions")[0m
  [4;36;1mSQL (0.1ms)[0m   [0;1mPRAGMA index_info('index_sessions_on_updated_at')[0m
  [4;35;1mSQL (0.1ms)[0m   [0mPRAGMA index_info('index_sessions_on_session_id')[0m
  [4;36;1mSQL (0.1ms)[0m   [0;1mPRAGMA index_list("users")[0m
  [4;35;1mSQL (0.1ms)[0m   [0mPRAGMA index_info('index_users_on_is_admin')[0m


Processing Admin::UsersController#index (for 10.0.0.69 at 2009-04-25 21:09:03) [GET]
  Parameters: {"action"=>"index", "controller"=>"admin/users"}
  [4;36;1mSQL (0.3ms)[0m   [0;1mSELECT count(*) AS count_all FROM "users" [0m
  [4;35;1mUser Load (1.0ms)[0m   [0mSELECT "users".* FROM "users" ORDER BY users."uuid" ASC LIMIT 15 OFFSET 0[0m
Rendering template within layouts/admin
Rendering list
  [4;36;1mCACHE (0.0ms)[0m   [0;1mSELECT count(*) AS count_all FROM "users" [0m
Rendered _list_header (10.2ms)
Rendered _list_column_headings (3.5ms)
Rendered _messages (0.7ms)
Rendered _list_actions (2.5ms)
Rendered _list_record (7.2ms)
Rendered _list_actions (1.0ms)
Rendered _list_record (2.3ms)
Rendered _list (22.2ms)
  [4;35;1mUser Load (0.4ms)[0m   [0mSELECT * FROM "users" WHERE ("users"."uuid" = 'b68d5fd0-31e3-11de-a27a-001ff34ec87b') LIMIT 1[0m
  [4;36;1mUser Update (0.9ms)[0m   [0;1mUPDATE "users" SET "perishable_token" = '_D8hmE-Y7sQBCdhm891E', "last_request_at" = '2009-04-26 01:09:03', "updated_at" = '2009-04-26 01:09:03' WHERE "uuid" = 'b68d5fd0-31e3-11de-a27a-001ff34ec87b'[0m
Completed in 216ms (View: 204, DB: 2) | 200 OK [http://10.0.0.69/admin/users]


Processing ApplicationController#index (for 10.0.0.69 at 2009-04-25 21:09:03) [GET]

ActionController::RoutingError (No route matches "/stylesheets/scaffold.css" with {:method=>:get}):
  

Rendering rescues/layout (not_found)


Processing UsersController#show (for 10.0.0.69 at 2009-04-25 21:09:09) [GET]
  Parameters: {"action"=>"show", "controller"=>"users"}
  [4;35;1mUser Load (0.3ms)[0m   [0mSELECT * FROM "users" WHERE ("users"."uuid" = 'b68d5fd0-31e3-11de-a27a-001ff34ec87b') LIMIT 1[0m
  [4;36;1mUser Update (0.6ms)[0m   [0;1mUPDATE "users" SET "perishable_token" = '7VrRKUcMtSoUC0uxlivj', "last_request_at" = '2009-04-26 01:09:09', "updated_at" = '2009-04-26 01:09:09' WHERE "uuid" = 'b68d5fd0-31e3-11de-a27a-001ff34ec87b'[0m
Rendering template within layouts/application
Rendering users/show
  [4;35;1mSQL (0.3ms)[0m   [0mSELECT count(*) AS count_all FROM "users" WHERE (last_request_at > '2009-04-26 00:59:10') [0m
Completed in 209ms (View: 131, DB: 1) | 200 OK [http://10.0.0.69/account]


Processing ApplicationController#index (for 10.0.0.69 at 2009-04-25 21:09:10) [GET]

ActionController::RoutingError (No route matches "/stylesheets/scaffold.css" with {:method=>:get}):
  

Rendering rescues/layout (not_found)


Processing Admin::UsersController#update_table (for 10.0.0.69 at 2009-04-25 21:09:18) [GET]
  Parameters: {"action"=>"update_table", "controller"=>"admin/users", "page"=>"1", "sort"=>"login", "sort_direction"=>"ASC"}
  [4;36;1mSQL (0.2ms)[0m   [0;1mSELECT count(*) AS count_all FROM "users" [0m
  [4;35;1mUser Load (0.9ms)[0m   [0mSELECT "users".* FROM "users" ORDER BY users."login" ASC LIMIT 15 OFFSET 0[0m
Rendered _list_column_headings (3.6ms)
Rendered _messages (0.6ms)
Rendered _list_actions (1.7ms)
Rendered _list_record (6.5ms)
Rendered _list_actions (1.0ms)
Rendered _list_record (2.3ms)
Rendered _list (21.3ms)
Completed in 33ms (View: 28, DB: 1) | 200 OK [http://10.0.0.69/admin/users/update_table?page=1&sort=login&sort_direction=ASC]


Processing Admin::UsersController#update_table (for 10.0.0.69 at 2009-04-25 21:09:19) [GET]
  Parameters: {"action"=>"update_table", "controller"=>"admin/users", "page"=>"1", "sort"=>"login", "sort_direction"=>"DESC"}
  [4;36;1mSQL (0.2ms)[0m   [0;1mSELECT count(*) AS count_all FROM "users" [0m
  [4;35;1mUser Load (0.9ms)[0m   [0mSELECT "users".* FROM "users" ORDER BY users."login" DESC LIMIT 15 OFFSET 0[0m
Rendered _list_column_headings (3.6ms)
Rendered _messages (0.7ms)
Rendered _list_actions (1.8ms)
Rendered _list_record (6.7ms)
Rendered _list_actions (1.0ms)
Rendered _list_record (2.3ms)
Rendered _list (21.8ms)
Completed in 33ms (View: 29, DB: 1) | 200 OK [http://10.0.0.69/admin/users/update_table?page=1&sort=login&sort_direction=DESC]


Processing Admin::UsersController#update_table (for 10.0.0.69 at 2009-04-25 21:09:21) [GET]
  Parameters: {"action"=>"update_table", "controller"=>"admin/users", "page"=>"1", "sort"=>"email", "sort_direction"=>"ASC"}
  [4;36;1mSQL (0.2ms)[0m   [0;1mSELECT count(*) AS count_all FROM "users" [0m
  [4;35;1mUser Load (0.9ms)[0m   [0mSELECT "users".* FROM "users" ORDER BY users."email" ASC LIMIT 15 OFFSET 0[0m
Rendered _list_column_headings (3.8ms)
Rendered _messages (0.7ms)
Rendered _list_actions (1.8ms)
Rendered _list_record (6.6ms)
Rendered _list_actions (1.6ms)
Rendered _list_record (2.9ms)
Rendered _list (23.7ms)
Completed in 35ms (View: 31, DB: 1) | 200 OK [http://10.0.0.69/admin/users/update_table?page=1&sort=email&sort_direction=ASC]


Processing Admin::UsersController#update_table (for 10.0.0.69 at 2009-04-25 21:09:22) [GET]
  Parameters: {"action"=>"update_table", "controller"=>"admin/users", "page"=>"1", "sort"=>"email", "sort_direction"=>"DESC"}
  [4;36;1mSQL (0.2ms)[0m   [0;1mSELECT count(*) AS count_all FROM "users" [0m
  [4;35;1mUser Load (0.9ms)[0m   [0mSELECT "users".* FROM "users" ORDER BY users."email" DESC LIMIT 15 OFFSET 0[0m
Rendered _list_column_headings (4.2ms)
Rendered _messages (0.7ms)
Rendered _list_actions (1.8ms)
Rendered _list_record (7.2ms)
Rendered _list_actions (1.0ms)
Rendered _list_record (2.3ms)
Rendered _list (23.6ms)
Completed in 35ms (View: 31, DB: 1) | 200 OK [http://10.0.0.69/admin/users/update_table?page=1&sort=email&sort_direction=DESC]


Processing Admin::UsersController#index (for 10.0.0.69 at 2009-04-25 21:09:48) [GET]
  Parameters: {"action"=>"index", "controller"=>"admin/users"}
  [4;36;1mSQL (0.2ms)[0m   [0;1mSELECT count(*) AS count_all FROM "users" [0m
  [4;35;1mUser Load (0.9ms)[0m   [0mSELECT "users".* FROM "users" ORDER BY users."email" DESC LIMIT 15 OFFSET 0[0m
Rendering template within layouts/admin
Rendering list
  [4;36;1mCACHE (0.0ms)[0m   [0;1mSELECT count(*) AS count_all FROM "users" [0m
Rendered _list_header (2.2ms)
Rendered _list_column_headings (5.2ms)
Rendered _messages (0.8ms)
Rendered _list_actions (1.7ms)
Rendered _list_record (7.9ms)
Rendered _list_actions (1.0ms)
Rendered _list_record (3.6ms)
Rendered _list (27.5ms)
  [4;35;1mUser Load (0.4ms)[0m   [0mSELECT * FROM "users" WHERE ("users"."uuid" = 'b68d5fd0-31e3-11de-a27a-001ff34ec87b') LIMIT 1[0m
  [4;36;1mUser Update (0.5ms)[0m   [0;1mUPDATE "users" SET "perishable_token" = 'BnzQoCT0PFIC0LIeWf7A', "last_request_at" = '2009-04-26 01:09:48', "updated_at" = '2009-04-26 01:09:48' WHERE "uuid" = 'b68d5fd0-31e3-11de-a27a-001ff34ec87b'[0m
Completed in 159ms (View: 153, DB: 2) | 200 OK [http://10.0.0.69/admin/users]


Processing ApplicationController#index (for 10.0.0.69 at 2009-04-25 21:09:48) [GET]

ActionController::RoutingError (No route matches "/stylesheets/scaffold.css" with {:method=>:get}):
  

Rendering rescues/layout (not_found)


Processing Admin::UsersController#update_table (for 10.0.0.69 at 2009-04-25 21:09:48) [POST]
  Parameters: {"action"=>"update_table", "_method"=>"get", "controller"=>"admin/users", "page"=>"1", "sort"=>"email", "sort_direction"=>"DESC"}
  [4;35;1mSQL (0.2ms)[0m   [0mSELECT count(*) AS count_all FROM "users" [0m
  [4;36;1mUser Load (0.9ms)[0m   [0;1mSELECT "users".* FROM "users" ORDER BY users."email" DESC LIMIT 15 OFFSET 0[0m
Rendered _list_column_headings (5.6ms)
Rendered _messages (0.7ms)
Rendered _list_actions (1.8ms)
Rendered _list_record (8.6ms)
Rendered _list_actions (1.0ms)
Rendered _list_record (3.5ms)
Rendered _list (27.3ms)
Completed in 39ms (View: 34, DB: 1) | 200 OK [http://10.0.0.69/admin/users/update_table?page=1&sort=email&sort_direction=DESC&_method=get]


Processing Admin::UsersController#new (for 10.0.0.69 at 2009-04-25 21:10:04) [GET]
  Parameters: {"action"=>"new", "_method"=>"get", "adapter"=>"_list_inline_adapter", "controller"=>"admin/users"}
Rendered _form_attribute (1.0ms)
Rendered _form_attribute (2.6ms)
Rendered _form_attribute (0.3ms)
Rendered _form_attribute (0.3ms)
Rendered _form_attribute (0.3ms)
Rendered _form_attribute (0.7ms)
Rendered _form_attribute (3.3ms)
Rendered _form_attribute (0.3ms)
Rendered _form_attribute (0.3ms)
Rendered _form_attribute (3.0ms)
Rendered _form_attribute (0.5ms)
Rendered _form_attribute (0.7ms)
Rendered _form_attribute (0.3ms)
Rendered _form_attribute (0.3ms)
Rendered _form_attribute (0.3ms)
Rendered _form (25.6ms)
Rendered _create_form (31.1ms)
Rendered _messages (0.6ms)
Rendered _list_inline_adapter (3.8ms)
Completed in 46ms (View: 6, DB: 0) | 200 OK [http://10.0.0.69/admin/users/new?_method=get&adapter=_list_inline_adapter]


Processing Admin::UsersController#edit (for 10.0.0.69 at 2009-04-25 21:10:12) [GET]
  Parameters: {"action"=>"edit", "_method"=>"get", "adapter"=>"_list_inline_adapter", "id"=>"0d23c954-31fa-11de-86ed-001ff34ec87b", "controller"=>"admin/users"}
  [4;35;1mUser Load (0.8ms)[0m   [0mSELECT * FROM "users" WHERE ("users"."uuid" = '0d23c954-31fa-11de-86ed-001ff34ec87b') [0m
Rendered _form_attribute (0.9ms)
Rendered _form_attribute (2.9ms)
Rendered _form_attribute (0.4ms)
Rendered _form_attribute (0.3ms)
Rendered _form_attribute (0.3ms)
Rendered _form_attribute (0.4ms)
Rendered _form_attribute (2.7ms)
Rendered _form_attribute (0.3ms)
Rendered _form_attribute (0.3ms)
Rendered _form_attribute (2.8ms)
Rendered _form_attribute (0.3ms)
Rendered _form_attribute (0.5ms)
Rendered _form_attribute (0.3ms)
Rendered _form_attribute (0.3ms)
Rendered _form_attribute (0.3ms)
Rendered _form (23.7ms)
Rendered _update_form (29.6ms)
Rendered _messages (0.6ms)
Rendered _list_inline_adapter (3.7ms)
Completed in 46ms (View: 6, DB: 0) | 200 OK [http://10.0.0.69/admin/users/edit/0d23c954-31fa-11de-86ed-001ff34ec87b?_method=get&adapter=_list_inline_adapter]


Processing Admin::UsersController#row (for 10.0.0.69 at 2009-04-25 21:10:26) [GET]
  Parameters: {"action"=>"row", "_method"=>"get", "id"=>"0d23c954-31fa-11de-86ed-001ff34ec87b", "controller"=>"admin/users"}
  [4;36;1mUser Load (0.5ms)[0m   [0;1mSELECT * FROM "users" WHERE ("users"."uuid" = '0d23c954-31fa-11de-86ed-001ff34ec87b') [0m
Rendered _list_actions (1.7ms)
Rendered _list_record (8.8ms)
Completed in 19ms (View: 16, DB: 0) | 200 OK [http://10.0.0.69/admin/users/row/0d23c954-31fa-11de-86ed-001ff34ec87b?_method=get]
